<?xml version="1.0" encoding="UTF-8"?>
<!-- Generated by org.testng.reporters.JUnitXMLReporter -->
<testsuite ignored="0" hostname="DESKTOP-R8A7UVK" failures="0" tests="1" name="Validating Title" time="0.243" errors="0" timestamp="2021-08-14T22:06:54 IST">
  <testcase classname="academy.Title" name="@BeforeTest first" time="0.038">
    <failure type="java.lang.NullPointerException" message="Cannot invoke &amp;quot;String.equals(Object)&amp;quot; because &amp;quot;browserName&amp;quot; is null">
      <![CDATA[java.lang.NullPointerException: Cannot invoke "String.equals(Object)" because "browserName" is null
at resources.BaseClass.initializeDriver(BaseClass.java:30)
at academy.Title.first(Title.java:29)
at java.base/java.util.concurrent.FutureTask.run(FutureTask.java:264)
at java.base/java.util.concurrent.ThreadPoolExecutor.runWorker(ThreadPoolExecutor.java:1130)
at java.base/java.util.concurrent.ThreadPoolExecutor$Worker.run(ThreadPoolExecutor.java:630)
at java.base/java.lang.Thread.run(Thread.java:832)
... Removed 15 stack frames]]>
    </failure>
  </testcase> <!-- @BeforeTest first -->
  <testcase classname="academy.Title" name="@AfterTest last" time="-1.628959014065E9">
    <skipped/>
  </testcase> <!-- @AfterTest last -->
  <testcase classname="academy.Title" name="validateTitle" time="0.0">
    <skipped/>
  </testcase> <!-- validateTitle -->
</testsuite> <!-- Validating Title -->
