<?xml version="1.0" encoding="UTF-8"?>
<testng-results ignored="0" total="4" passed="4" failed="0" skipped="0">
  <reporter-output>
  </reporter-output>
  <suite started-at="2021-08-16T01:17:46 IST" name="Suite" finished-at="2021-08-16T01:19:44 IST" duration-ms="118544">
    <groups>
    </groups>
    <test started-at="2021-08-16T01:17:46 IST" name="Validating Title" finished-at="2021-08-16T01:19:35 IST" duration-ms="108829">
      <class name="academy.Title">
        <test-method is-config="true" signature="first()[pri:0, instance:academy.Title@1a6c1270]" started-at="2021-08-16T01:17:46 IST" name="first" finished-at="2021-08-16T01:19:19 IST" duration-ms="93012" status="PASS">
          <reporter-output>
          </reporter-output>
        </test-method> <!-- first -->
        <test-method signature="validateHeader()[pri:0, instance:academy.Title@1a6c1270]" started-at="2021-08-16T01:19:19 IST" name="validateHeader" finished-at="2021-08-16T01:19:23 IST" duration-ms="4150" status="PASS">
          <reporter-output>
          </reporter-output>
        </test-method> <!-- validateHeader -->
        <test-method signature="validateTitle()[pri:0, instance:academy.Title@1a6c1270]" started-at="2021-08-16T01:19:23 IST" name="validateTitle" finished-at="2021-08-16T01:19:24 IST" duration-ms="883" status="PASS">
          <reporter-output>
          </reporter-output>
        </test-method> <!-- validateTitle -->
        <test-method is-config="true" signature="last()[pri:0, instance:academy.Title@1a6c1270]" started-at="2021-08-16T01:19:24 IST" name="last" finished-at="2021-08-16T01:19:35 IST" duration-ms="10761" status="PASS">
          <reporter-output>
          </reporter-output>
        </test-method> <!-- last -->
      </class> <!-- academy.Title -->
    </test> <!-- Validating Title -->
    <test started-at="2021-08-16T01:17:46 IST" name="Validating User login" finished-at="2021-08-16T01:19:44 IST" duration-ms="118544">
      <class name="academy.HomePage">
        <test-method is-config="true" signature="first()[pri:0, instance:academy.HomePage@6155d082]" started-at="2021-08-16T01:17:46 IST" name="first" finished-at="2021-08-16T01:18:44 IST" duration-ms="58354" status="PASS">
          <reporter-output>
          </reporter-output>
        </test-method> <!-- first -->
        <test-method signature="home(java.lang.String,java.lang.String)[pri:0, instance:academy.HomePage@6155d082]" started-at="2021-08-16T01:18:44 IST" name="home" data-provider="getData" finished-at="2021-08-16T01:19:35 IST" duration-ms="50804" status="PASS">
          <params>
            <param index="0">
              <value>
                <![CDATA[abc@gmail.com]]>
              </value>
            </param>
            <param index="1">
              <value>
                <![CDATA[12345]]>
              </value>
            </param>
          </params>
          <reporter-output>
          </reporter-output>
        </test-method> <!-- home -->
        <test-method signature="home(java.lang.String,java.lang.String)[pri:0, instance:academy.HomePage@6155d082]" started-at="2021-08-16T01:19:35 IST" name="home" data-provider="getData" finished-at="2021-08-16T01:19:43 IST" duration-ms="8205" status="PASS">
          <params>
            <param index="0">
              <value>
                <![CDATA[xyz@gmail.com]]>
              </value>
            </param>
            <param index="1">
              <value>
                <![CDATA[6789]]>
              </value>
            </param>
          </params>
          <reporter-output>
          </reporter-output>
        </test-method> <!-- home -->
        <test-method is-config="true" signature="last()[pri:0, instance:academy.HomePage@6155d082]" started-at="2021-08-16T01:19:43 IST" name="last" finished-at="2021-08-16T01:19:44 IST" duration-ms="1081" status="PASS">
          <reporter-output>
          </reporter-output>
        </test-method> <!-- last -->
      </class> <!-- academy.HomePage -->
    </test> <!-- Validating User login -->
  </suite> <!-- Suite -->
</testng-results>
