<?xml version="1.0" encoding="UTF-8"?>
<testng-results ignored="0" total="2" passed="2" failed="0" skipped="0">
  <reporter-output>
  </reporter-output>
  <suite started-at="2021-08-15T00:34:28 IST" name="Default suite" finished-at="2021-08-15T00:34:40 IST" duration-ms="11932">
    <groups>
    </groups>
    <test started-at="2021-08-15T00:34:28 IST" name="Default test" finished-at="2021-08-15T00:34:40 IST" duration-ms="11932">
      <class name="academy.Title">
        <test-method is-config="true" signature="first()[pri:0, instance:academy.Title@544820b7]" started-at="2021-08-15T00:34:28 IST" name="first" finished-at="2021-08-15T00:34:40 IST" duration-ms="11217" status="PASS">
          <reporter-output>
          </reporter-output>
        </test-method> <!-- first -->
        <test-method signature="validateHeader()[pri:0, instance:academy.Title@544820b7]" started-at="2021-08-15T00:34:40 IST" name="validateHeader" finished-at="2021-08-15T00:34:40 IST" duration-ms="124" status="PASS">
          <reporter-output>
          </reporter-output>
        </test-method> <!-- validateHeader -->
        <test-method signature="validateTitle()[pri:0, instance:academy.Title@544820b7]" started-at="2021-08-15T00:34:40 IST" name="validateTitle" finished-at="2021-08-15T00:34:40 IST" duration-ms="205" status="PASS">
          <reporter-output>
          </reporter-output>
        </test-method> <!-- validateTitle -->
        <test-method is-config="true" signature="last()[pri:0, instance:academy.Title@544820b7]" started-at="2021-08-15T00:34:40 IST" name="last" finished-at="2021-08-15T00:34:40 IST" duration-ms="320" status="PASS">
          <reporter-output>
          </reporter-output>
        </test-method> <!-- last -->
      </class> <!-- academy.Title -->
    </test> <!-- Default test -->
  </suite> <!-- Default suite -->
</testng-results>
